[debug] [2024-07-09T12:40:39.195Z] ----------------------------------------------------------------------
[debug] [2024-07-09T12:40:39.223Z] Command:       C:\Program Files\nodejs\nodejs\node.exe C:\Users\gopur_dn8352\AppData\Roaming\npm\node_modules\firebase-tools\lib\bin\firebase.js deploy
[debug] [2024-07-09T12:40:39.224Z] CLI Version:   13.13.0
[debug] [2024-07-09T12:40:39.224Z] Platform:      win32
[debug] [2024-07-09T12:40:39.224Z] Node Version:  v20.3.1
[debug] [2024-07-09T12:40:39.224Z] Time:          Tue Jul 09 2024 18:10:39 GMT+0530 (India Standard Time)
[debug] [2024-07-09T12:40:39.224Z] ----------------------------------------------------------------------
[debug] 
[debug] [2024-07-09T12:40:39.314Z] > command requires scopes: ["email","openid","https://www.googleapis.com/auth/cloudplatformprojects.readonly","https://www.googleapis.com/auth/firebase","https://www.googleapis.com/auth/cloud-platform"]
[debug] [2024-07-09T12:40:39.315Z] > authorizing via signed-in user (othiraja64@gmail.com)
[debug] [2024-07-09T12:40:39.315Z] [iam] checking project urbanrider-5870e for permissions ["firebase.projects.get","firebasehosting.sites.update"]
[debug] [2024-07-09T12:40:39.318Z] >>> [apiv2][query] POST https://cloudresourcemanager.googleapis.com/v1/projects/urbanrider-5870e:testIamPermissions [none]
[debug] [2024-07-09T12:40:39.318Z] >>> [apiv2][(partial)header] POST https://cloudresourcemanager.googleapis.com/v1/projects/urbanrider-5870e:testIamPermissions x-goog-quota-user=projects/urbanrider-5870e
[debug] [2024-07-09T12:40:39.318Z] >>> [apiv2][body] POST https://cloudresourcemanager.googleapis.com/v1/projects/urbanrider-5870e:testIamPermissions {"permissions":["firebase.projects.get","firebasehosting.sites.update"]}
[debug] [2024-07-09T12:40:41.248Z] <<< [apiv2][status] POST https://cloudresourcemanager.googleapis.com/v1/projects/urbanrider-5870e:testIamPermissions 200
[debug] [2024-07-09T12:40:41.249Z] <<< [apiv2][body] POST https://cloudresourcemanager.googleapis.com/v1/projects/urbanrider-5870e:testIamPermissions {}
[debug] [2024-07-09T12:40:41.249Z] [iam] error while checking permissions, command may fail: FirebaseError: Authorization failed. This account is missing the following required permissions on project urbanrider-5870e:

  firebase.projects.get
  firebasehosting.sites.update
[debug] [2024-07-09T12:40:41.252Z] >>> [apiv2][query] GET https://firebase.googleapis.com/v1beta1/projects/urbanrider-5870e [none]
[debug] [2024-07-09T12:40:41.869Z] <<< [apiv2][status] GET https://firebase.googleapis.com/v1beta1/projects/urbanrider-5870e 403
[debug] [2024-07-09T12:40:41.869Z] <<< [apiv2][body] GET https://firebase.googleapis.com/v1beta1/projects/urbanrider-5870e {"error":{"code":403,"message":"The caller does not have permission","status":"PERMISSION_DENIED"}}
[debug] [2024-07-09T12:40:41.871Z] HTTP Error: 403, The caller does not have permission
[error] 
[error] Error: Assertion failed: resolving hosting target of a site with no site name or target name. This should have caused an error earlier
